<?xml version="1.0" encoding="UTF-8"?>
<testng-results ignored="0" total="1" passed="1" failed="0" skipped="0">
  <reporter-output>
  </reporter-output>
  <suite started-at="2019-10-02T20:43:55 IST" name="Default suite" finished-at="2019-10-02T20:44:22 IST" duration-ms="26606">
    <groups>
    </groups>
    <test started-at="2019-10-02T20:43:55 IST" name="Default test" finished-at="2019-10-02T20:44:22 IST" duration-ms="26606">
      <class name="TestNG.testwebsite">
        <test-method signature="webtest()[pri:0, instance:TestNG.testwebsite@3e3047e6]" started-at="2019-10-02T20:43:55 IST" name="webtest" finished-at="2019-10-02T20:44:22 IST" duration-ms="26485" status="PASS">
          <reporter-output>
          </reporter-output>
        </test-method> <!-- webtest -->
      </class> <!-- TestNG.testwebsite -->
    </test> <!-- Default test -->
  </suite> <!-- Default suite -->
</testng-results>
